Build started 25-Mar-19 08:38:57.
     1>Project "C:\Users\User\Google Drive\School Stuff\Undergrad\Modules\Computer Science\315\Game Project\Scrabble Game\v1.4\mysfml\mysfml\mysfml.vcxproj" on node 2 (Build target(s)).
     1>C:\Program Files (x86)\MSBuild\Microsoft.Cpp\v4.0\V120\Microsoft.CppBuild.targets(388,5): warning MSB8028: The intermediate directory (Debug\) contains files shared from another project (mysfml.vcxproj).  This can lead to incorrect clean and rebuild behavior.
     1>ClCompile:
         C:\Program Files (x86)\Microsoft Visual Studio 12.0\VC\bin\CL.exe /c /I"C:\Users\User\Google Drive\School Stuff\Undergrad\Modules\Computer Science\315\Game Project\Scrabble Game\v1.4\mysfml\mysfml\/include" /ZI /nologo /W3 /WX- /sdl /Od /Oy- /D WIN32 /D _DEBUG /D _CONSOLE /D _LIB /D _UNICODE /D UNICODE /Gm /EHsc /RTC1 /MDd /GS /fp:precise /Zc:wchar_t /Zc:forScope /Fo"Debug\\" /Fd"Debug\vc120.pdb" /Gd /TP /analyze- /errorReport:prompt Bag.cpp Board.cpp Dictionary.cpp main.cpp Player.cpp Square.cpp Tile.cpp
         Tile.cpp
         Square.cpp
         Player.cpp
         main.cpp
     1>c:\users\user\google drive\school stuff\undergrad\modules\computer science\315\game project\scrabble game\v1.4\mysfml\mysfml\main.cpp(72): warning C4244: 'argument' : conversion from 'int' to 'float', possible loss of data
     1>c:\users\user\google drive\school stuff\undergrad\modules\computer science\315\game project\scrabble game\v1.4\mysfml\mysfml\main.cpp(86): warning C4244: 'argument' : conversion from 'int' to 'float', possible loss of data
     1>c:\users\user\google drive\school stuff\undergrad\modules\computer science\315\game project\scrabble game\v1.4\mysfml\mysfml\main.cpp(138): warning C4244: 'argument' : conversion from 'int' to 'float', possible loss of data
         Dictionary.cpp
         Board.cpp
         Bag.cpp
     1>c:\users\user\google drive\school stuff\undergrad\modules\computer science\315\game project\scrabble game\v1.4\mysfml\mysfml\bag.cpp(8): warning C4244: 'argument' : conversion from 'time_t' to 'unsigned int', possible loss of data
         Generating Code...
       Link:
         C:\Program Files (x86)\Microsoft Visual Studio 12.0\VC\bin\link.exe /ERRORREPORT:PROMPT /OUT:"C:\Users\User\Google Drive\School Stuff\Undergrad\Modules\Computer Science\315\Game Project\Scrabble Game\v1.4\mysfml\Debug\Scrabble.exe" /INCREMENTAL /NOLOGO /LIBPATH:"C:\Users\User\Google Drive\School Stuff\Undergrad\Modules\Computer Science\315\Game Project\Scrabble Game\v1.4\mysfml\mysfml\/lib" "sfml-network-d.lib" "sfml-audio-d.lib" "sfml-graphics-d.lib" "sfml-window-d.lib" "sfml-system-d.lib" kernel32.lib user32.lib kernel32.lib user32.lib gdi32.lib winspool.lib comdlg32.lib advapi32.lib shell32.lib ole32.lib oleaut32.lib uuid.lib odbc32.lib odbccp32.lib /MANIFEST /MANIFESTUAC:"level='asInvoker' uiAccess='false'" /manifest:embed /DEBUG /PDB:"C:\Users\User\Google Drive\School Stuff\Undergrad\Modules\Computer Science\315\Game Project\Scrabble Game\v1.4\mysfml\Debug\Scrabble.pdb" /SUBSYSTEM:CONSOLE /TLBID:1 /DYNAMICBASE /NXCOMPAT /IMPLIB:"C:\Users\User\Google Drive\School Stuff\Undergrad\Modules\Computer Science\315\Game Project\Scrabble Game\v1.4\mysfml\Debug\Scrabble.lib" /MACHINE:X86 Debug\Bag.obj
         Debug\Board.obj
         Debug\Dictionary.obj
         Debug\main.obj
         Debug\Player.obj
         Debug\Square.obj
         Debug\Tile.obj
         mysfml.vcxproj -> C:\Users\User\Google Drive\School Stuff\Undergrad\Modules\Computer Science\315\Game Project\Scrabble Game\v1.4\mysfml\Debug\Scrabble.exe
     1>Done Building Project "C:\Users\User\Google Drive\School Stuff\Undergrad\Modules\Computer Science\315\Game Project\Scrabble Game\v1.4\mysfml\mysfml\mysfml.vcxproj" (Build target(s)).

Build succeeded.

Time Elapsed 00:00:08.36
